Loading gcc/13.2.0-gcc-8.5.0-5hqhkwo
  Loading requirement: gcc-runtime/8.5.0-gcc-8.5.0-7fyorqa
    gmp/6.2.1-gcc-8.5.0-lrpcvy5 mpfr/4.2.1-gcc-8.5.0-ybeybcx
    mpc/1.3.1-gcc-8.5.0-cv2gjfw zlib-ng/2.1.6-gcc-8.5.0-ztbc5xt
    zstd/1.5.5-gcc-8.5.0-azepnn7
Currently Loaded Modulefiles:
 1) gcc-runtime/8.5.0-gcc-8.5.0-7fyorqa   5) zlib-ng/2.1.6-gcc-8.5.0-ztbc5xt  
 2) gmp/6.2.1-gcc-8.5.0-lrpcvy5           6) zstd/1.5.5-gcc-8.5.0-azepnn7     
 3) mpfr/4.2.1-gcc-8.5.0-ybeybcx          7) gcc/13.2.0-gcc-8.5.0-5hqhkwo     
 4) mpc/1.3.1-gcc-8.5.0-cv2gjfw          
rm -f hello_omp
g++ -fopenmp hello_omp.cpp -o hello_omp
Running with OMP_NUM_THREADS=1
OpenMP threads=1
Running with OMP_NUM_THREADS=2
OpenMP threads=2
Running with OMP_NUM_THREADS=4
OpenMP threads=4
Running with OMP_NUM_THREADS=8
OpenMP threads=8
Running with OMP_NUM_THREADS=16
OpenMP threads=16
Running with OMP_NUM_THREADS=32
OpenMP threads=32
Running with OMP_NUM_THREADS=64
OpenMP threads=64
Running with OMP_NUM_THREADS=128
OpenMP threads=128
