Loading gcc/13.2.0-gcc-8.5.0-5hqhkwo
  Loading requirement: gcc-runtime/8.5.0-gcc-8.5.0-7fyorqa
    gmp/6.2.1-gcc-8.5.0-lrpcvy5 mpfr/4.2.1-gcc-8.5.0-ybeybcx
    mpc/1.3.1-gcc-8.5.0-cv2gjfw zlib-ng/2.1.6-gcc-8.5.0-ztbc5xt
    zstd/1.5.5-gcc-8.5.0-azepnn7
Currently Loaded Modulefiles:
 1) gcc-runtime/8.5.0-gcc-8.5.0-7fyorqa   5) zlib-ng/2.1.6-gcc-8.5.0-ztbc5xt  
 2) gmp/6.2.1-gcc-8.5.0-lrpcvy5           6) zstd/1.5.5-gcc-8.5.0-azepnn7     
 3) mpfr/4.2.1-gcc-8.5.0-ybeybcx          7) gcc/13.2.0-gcc-8.5.0-5hqhkwo     
 4) mpc/1.3.1-gcc-8.5.0-cv2gjfw          
rm -rf dotProduct
g++ -O3 -fopenmp dotProduct.cpp -o dotProduct
Running with OMP_NUM_THREADS=1
Serial execution time = 0.0116935 sec
Parallel dot product = 3.33328e+13 time using reduction method = 0.0117884 sec, time using critical method 0.200805 sec
Running with OMP_NUM_THREADS=2
Serial execution time = 0.0117011 sec
Parallel dot product = 3.33328e+13 time using reduction method = 0.00617488 sec, time using critical method 1.38099 sec
Running with OMP_NUM_THREADS=4
Serial execution time = 0.0116913 sec
Parallel dot product = 3.33328e+13 time using reduction method = 0.00343721 sec, time using critical method 1.65243 sec
Running with OMP_NUM_THREADS=8
Serial execution time = 0.011718 sec
Parallel dot product = 3.33328e+13 time using reduction method = 0.00245878 sec, time using critical method 1.73357 sec
Running with OMP_NUM_THREADS=16
Serial execution time = 0.0116925 sec
Parallel dot product = 3.33328e+13 time using reduction method = 0.00273972 sec, time using critical method 1.92459 sec
Running with OMP_NUM_THREADS=20
Serial execution time = 0.0117 sec
Parallel dot product = 3.33328e+13 time using reduction method = 0.0044116 sec, time using critical method 1.51564 sec
