Loading gcc/13.2.0-gcc-8.5.0-5hqhkwo
  Loading requirement: gcc-runtime/8.5.0-gcc-8.5.0-7fyorqa
    gmp/6.2.1-gcc-8.5.0-lrpcvy5 mpfr/4.2.1-gcc-8.5.0-ybeybcx
    mpc/1.3.1-gcc-8.5.0-cv2gjfw zlib-ng/2.1.6-gcc-8.5.0-ztbc5xt
    zstd/1.5.5-gcc-8.5.0-azepnn7
Currently Loaded Modulefiles:
 1) gcc-runtime/8.5.0-gcc-8.5.0-7fyorqa   5) zlib-ng/2.1.6-gcc-8.5.0-ztbc5xt  
 2) gmp/6.2.1-gcc-8.5.0-lrpcvy5           6) zstd/1.5.5-gcc-8.5.0-azepnn7     
 3) mpfr/4.2.1-gcc-8.5.0-ybeybcx          7) gcc/13.2.0-gcc-8.5.0-5hqhkwo     
 4) mpc/1.3.1-gcc-8.5.0-cv2gjfw          
rm -rf dotProduct_updated
g++ -O3 -fopenmp dotProduct_updated.cpp -o dotProduct_updated
Running with OMP_NUM_THREADS=1
Serial execution time = 0.0117009 sec
Parallel dot product = 3.33328e+13 time using reduction method = 0.0118072 sec, time using critical method 0.200781 sec
Running with OMP_NUM_THREADS=2
Serial execution time = 0.0117076 sec
Parallel dot product = 3.33328e+13 time using reduction method = 0.00617071 sec, time using critical method 1.33154 sec
Running with OMP_NUM_THREADS=4
Serial execution time = 0.0117087 sec
Parallel dot product = 3.33328e+13 time using reduction method = 0.00344061 sec, time using critical method 1.65103 sec
Running with OMP_NUM_THREADS=8
Serial execution time = 0.0117251 sec
Parallel dot product = 3.33328e+13 time using reduction method = 0.00242185 sec, time using critical method 1.57232 sec
Running with OMP_NUM_THREADS=16
Serial execution time = 0.0117031 sec
Parallel dot product = 3.33328e+13 time using reduction method = 0.00271251 sec, time using critical method 1.36999 sec
Running with OMP_NUM_THREADS=20
Serial execution time = 0.0117206 sec
Parallel dot product = 3.33328e+13 time using reduction method = 0.112296 sec, time using critical method 2.13381 sec
