Loading gcc/13.2.0-gcc-8.5.0-5hqhkwo
  Loading requirement: gcc-runtime/8.5.0-gcc-8.5.0-7fyorqa
    gmp/6.2.1-gcc-8.5.0-lrpcvy5 mpfr/4.2.1-gcc-8.5.0-ybeybcx
    mpc/1.3.1-gcc-8.5.0-cv2gjfw zlib-ng/2.1.6-gcc-8.5.0-ztbc5xt
    zstd/1.5.5-gcc-8.5.0-azepnn7
Currently Loaded Modulefiles:
 1) gcc-runtime/8.5.0-gcc-8.5.0-7fyorqa   5) zlib-ng/2.1.6-gcc-8.5.0-ztbc5xt  
 2) gmp/6.2.1-gcc-8.5.0-lrpcvy5           6) zstd/1.5.5-gcc-8.5.0-azepnn7     
 3) mpfr/4.2.1-gcc-8.5.0-ybeybcx          7) gcc/13.2.0-gcc-8.5.0-5hqhkwo     
 4) mpc/1.3.1-gcc-8.5.0-cv2gjfw          
rm -rf pi
g++ -O3 -fopenmp pi.cpp -o pi
Running with N=10000000000 and OMP_NUM_THREADS=1
pi=3.141593e+00, N=10000000000, time_srl=5.393205e+01 secs
pi=3.141593e+00, N=10000000000, time_plr=5.393206e+01 secs
Running with N=10000000000 and OMP_NUM_THREADS=2
pi=3.141593e+00, N=10000000000, time_srl=5.393020e+01 secs
pi=3.141593e+00, N=10000000000, time_plr=2.697019e+01 secs
Running with N=10000000000 and OMP_NUM_THREADS=4
pi=3.141593e+00, N=10000000000, time_srl=5.393467e+01 secs
pi=3.141593e+00, N=10000000000, time_plr=1.348513e+01 secs
Running with N=10000000000 and OMP_NUM_THREADS=8
pi=3.141593e+00, N=10000000000, time_srl=5.393067e+01 secs
pi=3.141593e+00, N=10000000000, time_plr=6.743110e+00 secs
